nohup: ignoring input
Cleaning and processing  /home/diegor/data/British_National_Corpus/bnc_full_processed_data/bnc_full_proc_data.txt
0 sentences processed, adding 141 new rows to data/skipgram_bnc_full_proc_data.txt
0 sentences processed, adding 479 new augmented rows to data/skipgram_augm_bnc_full_proc_data.txt
100000 sentences processed, adding 14303263 new rows to data/skipgram_bnc_full_proc_data.txt
100000 sentences processed, adding 53288718 new augmented rows to data/skipgram_augm_bnc_full_proc_data.txt
200000 sentences processed, adding 14314113 new rows to data/skipgram_bnc_full_proc_data.txt
200000 sentences processed, adding 59011616 new augmented rows to data/skipgram_augm_bnc_full_proc_data.txt
300000 sentences processed, adding 14187595 new rows to data/skipgram_bnc_full_proc_data.txt
300000 sentences processed, adding 58474052 new augmented rows to data/skipgram_augm_bnc_full_proc_data.txt
400000 sentences processed, adding 15100707 new rows to data/skipgram_bnc_full_proc_data.txt
400000 sentences processed, adding 61442645 new augmented rows to data/skipgram_augm_bnc_full_proc_data.txt
500000 sentences processed, adding 16811565 new rows to data/skipgram_bnc_full_proc_data.txt
500000 sentences processed, adding 68046076 new augmented rows to data/skipgram_augm_bnc_full_proc_data.txt
600000 sentences processed, adding 14921243 new rows to data/skipgram_bnc_full_proc_data.txt
600000 sentences processed, adding 60946811 new augmented rows to data/skipgram_augm_bnc_full_proc_data.txt
700000 sentences processed, adding 16759187 new rows to data/skipgram_bnc_full_proc_data.txt
700000 sentences processed, adding 69131296 new augmented rows to data/skipgram_augm_bnc_full_proc_data.txt
800000 sentences processed, adding 16050413 new rows to data/skipgram_bnc_full_proc_data.txt
800000 sentences processed, adding 65239961 new augmented rows to data/skipgram_augm_bnc_full_proc_data.txt
900000 sentences processed, adding 17486763 new rows to data/skipgram_bnc_full_proc_data.txt
900000 sentences processed, adding 68944146 new augmented rows to data/skipgram_augm_bnc_full_proc_data.txt
1000000 sentences processed, adding 14417291 new rows to data/skipgram_bnc_full_proc_data.txt
1000000 sentences processed, adding 58779585 new augmented rows to data/skipgram_augm_bnc_full_proc_data.txt
1100000 sentences processed, adding 14689653 new rows to data/skipgram_bnc_full_proc_data.txt
1100000 sentences processed, adding 61577605 new augmented rows to data/skipgram_augm_bnc_full_proc_data.txt
1200000 sentences processed, adding 11481415 new rows to data/skipgram_bnc_full_proc_data.txt
1200000 sentences processed, adding 49503810 new augmented rows to data/skipgram_augm_bnc_full_proc_data.txt
1300000 sentences processed, adding 4373149 new rows to data/skipgram_bnc_full_proc_data.txt
1300000 sentences processed, adding 22388727 new augmented rows to data/skipgram_augm_bnc_full_proc_data.txt
1400000 sentences processed, adding 9925093 new rows to data/skipgram_bnc_full_proc_data.txt
1400000 sentences processed, adding 43607717 new augmented rows to data/skipgram_augm_bnc_full_proc_data.txt
1500000 sentences processed, adding 4475233 new rows to data/skipgram_bnc_full_proc_data.txt
1500000 sentences processed, adding 23242013 new augmented rows to data/skipgram_augm_bnc_full_proc_data.txt
1600000 sentences processed, adding 6658747 new rows to data/skipgram_bnc_full_proc_data.txt
1600000 sentences processed, adding 31335046 new augmented rows to data/skipgram_augm_bnc_full_proc_data.txt
1700000 sentences processed, adding 4962327 new rows to data/skipgram_bnc_full_proc_data.txt
1700000 sentences processed, adding 25389391 new augmented rows to data/skipgram_augm_bnc_full_proc_data.txt
1800000 sentences processed, adding 7460995 new rows to data/skipgram_bnc_full_proc_data.txt
1800000 sentences processed, adding 33993421 new augmented rows to data/skipgram_augm_bnc_full_proc_data.txt
1900000 sentences processed, adding 12321125 new rows to data/skipgram_bnc_full_proc_data.txt
1900000 sentences processed, adding 52336106 new augmented rows to data/skipgram_augm_bnc_full_proc_data.txt
2000000 sentences processed, adding 18467253 new rows to data/skipgram_bnc_full_proc_data.txt
2000000 sentences processed, adding 73153315 new augmented rows to data/skipgram_augm_bnc_full_proc_data.txt
2100000 sentences processed, adding 15761375 new rows to data/skipgram_bnc_full_proc_data.txt
2100000 sentences processed, adding 65074255 new augmented rows to data/skipgram_augm_bnc_full_proc_data.txt
2200000 sentences processed, adding 16656399 new rows to data/skipgram_bnc_full_proc_data.txt
2200000 sentences processed, adding 67315552 new augmented rows to data/skipgram_augm_bnc_full_proc_data.txt
2300000 sentences processed, adding 17474433 new rows to data/skipgram_bnc_full_proc_data.txt
2300000 sentences processed, adding 69617590 new augmented rows to data/skipgram_augm_bnc_full_proc_data.txt
2400000 sentences processed, adding 18588051 new rows to data/skipgram_bnc_full_proc_data.txt
2400000 sentences processed, adding 72042388 new augmented rows to data/skipgram_augm_bnc_full_proc_data.txt
2500000 sentences processed, adding 14286661 new rows to data/skipgram_bnc_full_proc_data.txt
2500000 sentences processed, adding 58738554 new augmented rows to data/skipgram_augm_bnc_full_proc_data.txt
2600000 sentences processed, adding 11420451 new rows to data/skipgram_bnc_full_proc_data.txt
2600000 sentences processed, adding 48975139 new augmented rows to data/skipgram_augm_bnc_full_proc_data.txt
2700000 sentences processed, adding 16891791 new rows to data/skipgram_bnc_full_proc_data.txt
2700000 sentences processed, adding 65673887 new augmented rows to data/skipgram_augm_bnc_full_proc_data.txt
2800000 sentences processed, adding 15112263 new rows to data/skipgram_bnc_full_proc_data.txt
2800000 sentences processed, adding 61843560 new augmented rows to data/skipgram_augm_bnc_full_proc_data.txt
2900000 sentences processed, adding 17045903 new rows to data/skipgram_bnc_full_proc_data.txt
2900000 sentences processed, adding 67138299 new augmented rows to data/skipgram_augm_bnc_full_proc_data.txt
3000000 sentences processed, adding 11524871 new rows to data/skipgram_bnc_full_proc_data.txt
3000000 sentences processed, adding 50383930 new augmented rows to data/skipgram_augm_bnc_full_proc_data.txt
3100000 sentences processed, adding 17073837 new rows to data/skipgram_bnc_full_proc_data.txt
3100000 sentences processed, adding 62525877 new augmented rows to data/skipgram_augm_bnc_full_proc_data.txt
3200000 sentences processed, adding 16239923 new rows to data/skipgram_bnc_full_proc_data.txt
3200000 sentences processed, adding 62454677 new augmented rows to data/skipgram_augm_bnc_full_proc_data.txt
3300000 sentences processed, adding 19402847 new rows to data/skipgram_bnc_full_proc_data.txt
3300000 sentences processed, adding 70315834 new augmented rows to data/skipgram_augm_bnc_full_proc_data.txt
3400000 sentences processed, adding 16487171 new rows to data/skipgram_bnc_full_proc_data.txt
3400000 sentences processed, adding 66162330 new augmented rows to data/skipgram_augm_bnc_full_proc_data.txt
3500000 sentences processed, adding 13648131 new rows to data/skipgram_bnc_full_proc_data.txt
3500000 sentences processed, adding 57504583 new augmented rows to data/skipgram_augm_bnc_full_proc_data.txt
3600000 sentences processed, adding 14797267 new rows to data/skipgram_bnc_full_proc_data.txt
3600000 sentences processed, adding 61413518 new augmented rows to data/skipgram_augm_bnc_full_proc_data.txt
3700000 sentences processed, adding 16796639 new rows to data/skipgram_bnc_full_proc_data.txt
3700000 sentences processed, adding 67864628 new augmented rows to data/skipgram_augm_bnc_full_proc_data.txt
3800000 sentences processed, adding 17559113 new rows to data/skipgram_bnc_full_proc_data.txt
3800000 sentences processed, adding 70250440 new augmented rows to data/skipgram_augm_bnc_full_proc_data.txt
3900000 sentences processed, adding 19414077 new rows to data/skipgram_bnc_full_proc_data.txt
3900000 sentences processed, adding 75357791 new augmented rows to data/skipgram_augm_bnc_full_proc_data.txt
4000000 sentences processed, adding 10721549 new rows to data/skipgram_bnc_full_proc_data.txt
4000000 sentences processed, adding 47529282 new augmented rows to data/skipgram_augm_bnc_full_proc_data.txt
4100000 sentences processed, adding 15228183 new rows to data/skipgram_bnc_full_proc_data.txt
4100000 sentences processed, adding 61093842 new augmented rows to data/skipgram_augm_bnc_full_proc_data.txt
4200000 sentences processed, adding 14494711 new rows to data/skipgram_bnc_full_proc_data.txt
4200000 sentences processed, adding 59835874 new augmented rows to data/skipgram_augm_bnc_full_proc_data.txt
4300000 sentences processed, adding 12423033 new rows to data/skipgram_bnc_full_proc_data.txt
4300000 sentences processed, adding 52857286 new augmented rows to data/skipgram_augm_bnc_full_proc_data.txt
Finished processing: 
	 608215950 word pairs in natural dataset 
	 2481801652 word pairs in augmented dataset
