nohup: ignoring input

=================== MODEL PARAMETERS: =================== 

general_data_dir:                /home/diegor/data/
data_dir:                        data/
word_embeddings_dir:             /home/diegor/data/word_embeddings/
vocab_cutoff:                    5
w2v_path:                        None
data_augmentation_ratio:         0.25
w2v_init:                        False
syn_augm:                        True
split_ratio:                     0.9
embedding_size:                  300
epochs:                          10
batch_size:                      10
ctx_size:                        5
num_neg_samples:                 5
learning_rate:                   0.01
model_name:                      rand_init-syns-25r-10e-voc5-emb300
all_models_dir:                  model/
model_dir:                       model/rand_init-syns-25r-10e-voc5-emb300/
model_file:                      /home/diegor/knowledge-augmented-skipgram/model/rand_init-syns-25r-10e-voc5-emb300/rand_init-syns-25r-10e-voc5-emb300.pth
checkpoints_dir:                 /home/diegor/knowledge-augmented-skipgram/model/rand_init-syns-25r-10e-voc5-emb300/checkpoints/
input_emb_file:                  /home/diegor/knowledge-augmented-skipgram/model/rand_init-syns-25r-10e-voc5-emb300/rand_init-syns-25r-10e-voc5-emb300
bnc_data_dir:                    /home/diegor/data/British_National_Corpus/bnc_full_processed_data/
bnc_data:                        /home/diegor/data/British_National_Corpus/bnc_full_processed_data/bnc_full_proc_data.txt
bnc_tags:                        /home/diegor/data/British_National_Corpus/bnc_full_processed_data/bnc_full_proc_data_tags.txt
use_data_subset:                 True
data_subset_size:                0.5
bnc_subset_data:                 /home/diegor/data/British_National_Corpus/bnc_full_processed_data/bnc_full_proc_data_shffl_sub-5.txt
bnc_subset_tags:                 /home/diegor/data/British_National_Corpus/bnc_full_processed_data/bnc_full_proc_data_shffl_sub-5_tags.txt
train_data:                      data/bnc_full_proc_data_shffl_sub-5_train.txt
train_tags:                      data/bnc_full_proc_data_shffl_sub-5_train_tags.txt
val_data:                        data/bnc_full_proc_data_shffl_sub-5_val.txt
val_tags:                        data/bnc_full_proc_data_shffl_sub-5_val_tags.txt
train_skipgram_data:             data/skipgram_bnc_full_proc_data_shffl_sub-5_train.csv
train_skipgram_augm_data:        data/skipgram_augm_bnc_full_proc_data_shffl_sub-5_train.csv
val_skipgram_data:               data/skipgram_bnc_full_proc_data_shffl_sub-5_val.csv
val_skipgram_augm_data:          data/skipgram_augm_bnc_full_proc_data_shffl_sub-5_val.csv
train_skipgram_sampled_data:     data/sampled_skipgram_bnc_full_proc_data_shffl_sub-5_train.csv
train_skipgram_augm_sampled_data:  data/sampled_skipgram_augm_bnc_full_proc_data_shffl_sub-5_train.csv
val_skipgram_sampled_data:       data/sampled_skipgram_bnc_full_proc_data_shffl_sub-5_val.csv
val_skipgram_augm_sampled_data:  data/sampled_skipgram_augm_bnc_full_proc_data_shffl_sub-5_val.csv
synonym_selection:               sw
train_skipgram_syns_data:        data/syns-sw_sampled_skipgram_bnc_full_proc_data_shffl_sub-5_train.csv
val_skipgram_syns_data:          data/syns-sw_sampled_skipgram_bnc_full_proc_data_shffl_sub-5_val.csv
num_train_skipgram_data:         data/num_voc-5_skipgram_bnc_full_proc_data_shffl_sub-5_train.csv
num_train_skipgram_syns_data:    data/num_voc-5_syns-sw_sampled_skipgram_bnc_full_proc_data_shffl_sub-5_train.csv
num_val_skipgram_data:           data/num_voc-5_skipgram_bnc_full_proc_data_shffl_sub-5_val.csv
num_val_skipgram_syns_data:      data/num_voc-5_syns-sw_sampled_skipgram_bnc_full_proc_data_shffl_sub-5_val.csv
convert_to_npy:                  True
num_train_skipgram_npy:          data/num_voc-5_skipgram_bnc_full_proc_data_shffl_sub-5_train.npy
num_train_skipgram_syns_npy:     data/num_voc-5_syns-sw_sampled_skipgram_bnc_full_proc_data_shffl_sub-5_train.npy
num_val_skipgram_npy:            data/num_voc-5_skipgram_bnc_full_proc_data_shffl_sub-5_val.npy
num_val_skipgram_syns_npy:       data/num_voc-5_syns-sw_sampled_skipgram_bnc_full_proc_data_shffl_sub-5_val.npy
counts_file:                     data/counts_bnc_full_proc_data_shffl_sub-5.csv

=================== / MODEL PARAMETERS: =================== 

Running on device: cuda
Data dims: (112200001, 2)
Syns dims: (112200001, 2)
Val: (29799980, 2)
Size of sample table:  100037543
Total distinct words:  373561
Samples from vocab:  [['she', '161260', '0.004309139702410695'], ['prefers', '193', '5.157286137698524e-06'], ['to', '990207', '0.02646000432410385'], ['remain', '3361', '8.98115995274857e-05'], ['in', '738390', '0.01973102855551924']]

 ######################## 
 		 EPOCH NUMBER 0 
 ########################
Training (140250001 word pairs)...
0/140250001 lines processed
28050000/140250001 lines processed
56100000/140250001 lines processed
84150000/140250001 lines processed
112200000/140250001 lines processed
140250000/140250001 lines processed
Validation (29799980 word pairs)...
0/29799980 lines processed
5959996/29799980 lines processed
11919992/29799980 lines processed
17879988/29799980 lines processed
23839984/29799980 lines processed

 >>>>>>>>>>>>>>>> 	 EPOCH LOSS: 2.873648202156705 	 VAL LOSS: 12.614815108034234 <<<<<<<<<<<<<<<< 

Elapsed time after epoch 0: 332770.33427357674
Saving checkpoint file: /home/diegor/knowledge-augmented-skipgram/model/rand_init-syns-25r-10e-voc5-emb300/checkpoints/0-epoch-chkpt.tar 


 ######################## 
 		 EPOCH NUMBER 1 
 ########################
Training (140250001 word pairs)...
0/140250001 lines processed
Traceback (most recent call last):
  File "train_skipgram.py", line 131, in <module>
    datapoint = data[data_ixs[ix_data]]
IndexError: index 112200001 is out of bounds for axis 0 with size 112200001
